PLINK v1.90b6.18 64-bit (16 Jun 2020)
Options in effect:
  --allow-extra-chr
  --double-id
  --out ./../../data/processed_data/GCDT_plates_fix_Vulgaris_v2_Bi_Q40_Dp3_imiss83_NS99_MAF2_He2_annotated
  --recode
  --vcf ./../../data/genotype/GCDT_plates_fix_Vulgaris_v2_Bi_Q40_Dp3_imiss83_NS99_MAF2_He2_annotated.vcf.gz

Hostname: bioinfo
Working directory: /bioinfo1/projects/bean/GCDT_F5.6/GCDT_heatbeans/data/src
Start time: Thu Aug 12 09:37:25 2021

Random number seed: 1628779045
257919 MB RAM detected; reserving 128959 MB for main workspace.
--vcf:
./../../data/processed_data/GCDT_plates_fix_Vulgaris_v2_Bi_Q40_Dp3_imiss83_NS99_MAF2_He2_annotated-temporary.bed
+
./../../data/processed_data/GCDT_plates_fix_Vulgaris_v2_Bi_Q40_Dp3_imiss83_NS99_MAF2_He2_annotated-temporary.bim
+
./../../data/processed_data/GCDT_plates_fix_Vulgaris_v2_Bi_Q40_Dp3_imiss83_NS99_MAF2_He2_annotated-temporary.fam
written.
36839 variants loaded from .bim file.
269 people (0 males, 0 females, 269 ambiguous) loaded from .fam.
Ambiguous sex IDs written to
./../../data/processed_data/GCDT_plates_fix_Vulgaris_v2_Bi_Q40_Dp3_imiss83_NS99_MAF2_He2_annotated.nosex
.
Using 1 thread (no multithreaded calculations invoked).
Before main variant filters, 269 founders and 0 nonfounders present.
Calculating allele frequencies... done.
Total genotyping rate is 0.710767.
36839 variants and 269 people pass filters and QC.
Note: No phenotypes present.
--recode ped to
./../../data/processed_data/GCDT_plates_fix_Vulgaris_v2_Bi_Q40_Dp3_imiss83_NS99_MAF2_He2_annotated.ped
+
./../../data/processed_data/GCDT_plates_fix_Vulgaris_v2_Bi_Q40_Dp3_imiss83_NS99_MAF2_He2_annotated.map
... done.

End time: Thu Aug 12 09:37:27 2021
