PLINK v1.90b6.18 64-bit (16 Jun 2020)
Options in effect:
  --allow-extra-chr
  --file ./../../data/processed_data/GCDT_plates_fix_Vulgaris_v2_Bi_Q40_Dp3_imiss83_NS99_MAF2_He2_annotated
  --freq
  --nonfounders
  --out ./../../data/results/allele_freqs

Hostname: bioinfo
Working directory: /bioinfo1/projects/bean/GCDT_F5.6/GCDT_heatbeans/data/src
Start time: Thu Aug 12 09:37:28 2021

Random number seed: 1628779048
257919 MB RAM detected; reserving 128959 MB for main workspace.
Scanning .ped file... done.
Performing single-pass .bed write (36839 variants, 269 people).
--file: ./../../data/results/allele_freqs-temporary.bed +
./../../data/results/allele_freqs-temporary.bim +
./../../data/results/allele_freqs-temporary.fam written.
36839 variants loaded from .bim file.
269 people (0 males, 0 females, 269 ambiguous) loaded from .fam.
Ambiguous sex IDs written to ./../../data/results/allele_freqs.nosex .
Using 1 thread (no multithreaded calculations invoked).
Before main variant filters, 269 founders and 0 nonfounders present.
Calculating allele frequencies... done.
Total genotyping rate is 0.710767.
--freq: Allele frequencies (all samples) written to
./../../data/results/allele_freqs.frq .

End time: Thu Aug 12 09:37:28 2021
